<?xml version="1.0" encoding="UTF-8"?>
<!-- Generated by org.testng.reporters.JUnitReportReporter -->
<testsuite hostname="LAPTOP-0CO60L6I" failures="0" tests="1" name="HelperMethods.ParametersAnnotation" time="10.423" errors="0" timestamp="2024-05-20T11:34:23 IST" skipped="0">
  <testcase classname="HelperMethods.ParametersAnnotation" name="Ajio" time="10.423"/>
</testsuite> <!-- HelperMethods.ParametersAnnotation -->
