<?xml version="1.0" encoding="UTF-8"?>
<!-- Generated by org.testng.reporters.JUnitReportReporter -->
<testsuite hostname="LAPTOP-0CO60L6I" failures="0" tests="1" name="Projects.ShoppersTaskUtility2" time="33.770" errors="0" timestamp="2024-05-20T14:00:51 IST" skipped="0">
  <testcase classname="Projects.ShoppersTaskUtility2" name="Task2" time="33.770"/>
</testsuite> <!-- Projects.ShoppersTaskUtility2 -->
