<?xml version="1.0" encoding="UTF-8"?>
<!-- Generated by org.testng.reporters.JUnitReportReporter -->
<testsuite hostname="LAPTOP-0CO60L6I" failures="0" tests="1" name="Projects.ShoppersTestMethod" time="18.036" errors="0" timestamp="2024-05-18T01:12:43 IST" skipped="0">
  <testcase classname="Projects.ShoppersTestMethod" name="login" time="18.036"/>
</testsuite> <!-- Projects.ShoppersTestMethod -->
