<?xml version="1.0" encoding="UTF-8"?>
<!-- Generated by org.testng.reporters.JUnitReportReporter -->
<testsuite hostname="LAPTOP-0CO60L6I" failures="0" tests="1" name="DataDrivenTesting.ReadDataFromXmlFile" time="26.895" errors="0" timestamp="2024-05-20T11:01:51 IST" skipped="0">
  <testcase classname="DataDrivenTesting.ReadDataFromXmlFile" name="ShopperStack" time="26.895"/>
</testsuite> <!-- DataDrivenTesting.ReadDataFromXmlFile -->
