<?xml version="1.0" encoding="UTF-8"?>
<!-- Generated by org.testng.reporters.JUnitReportReporter -->
<testsuite hostname="LAPTOP-0CO60L6I" failures="0" tests="3" name="HelperMethods.dependsOnMethod" time="0.014" errors="0" timestamp="2024-05-16T13:01:03 IST" skipped="0">
  <testcase classname="HelperMethods.dependsOnMethod" name="createAccount" time="0.012"/>
  <testcase classname="HelperMethods.dependsOnMethod" name="modifyAccount" time="0.001"/>
  <testcase classname="HelperMethods.dependsOnMethod" name="deteleAccount" time="0.001"/>
</testsuite> <!-- HelperMethods.dependsOnMethod -->
