<?xml version="1.0" encoding="UTF-8"?>
<!-- Generated by org.testng.reporters.JUnitReportReporter -->
<testsuite hostname="LAPTOP-0CO60L6I" failures="0" tests="1" name="Shopping.Ajio" time="14.265" errors="0" timestamp="2024-05-20T11:17:36 IST" skipped="0">
  <testcase classname="Shopping.Ajio" name="ajio" time="14.265"/>
</testsuite> <!-- Shopping.Ajio -->
