<?xml version="1.0" encoding="UTF-8"?>
<!-- Generated by org.testng.reporters.JUnitReportReporter -->
<testsuite hostname="LAPTOP-0CO60L6I" failures="0" tests="1" name="DwsUtility20.DwsUtilityGiftCard" time="13.751" errors="0" timestamp="2024-05-25T14:23:25 IST" skipped="0">
  <testcase classname="DwsUtility20.DwsUtilityGiftCard" name="mainTest" time="13.751"/>
</testsuite> <!-- DwsUtility20.DwsUtilityGiftCard -->
