<?xml version="1.0" encoding="UTF-8"?>
<!-- Generated by org.testng.reporters.JUnitReportReporter -->
<testsuite hostname="LAPTOP-0CO60L6I" failures="0" tests="2" name="Projects.DWS_TestMethod" time="30.551" errors="0" timestamp="2024-05-18T01:58:03 IST" skipped="0">
  <testcase classname="Projects.DWS_TestMethod" name="DWS_Login" time="20.715"/>
  <testcase classname="Projects.DWS_TestMethod" name="DWS_Login" time="9.836"/>
</testsuite> <!-- Projects.DWS_TestMethod -->
