<?xml version="1.0" encoding="UTF-8"?>
<!-- Generated by org.testng.reporters.JUnitReportReporter -->
<testsuite hostname="LAPTOP-0CO60L6I" failures="0" tests="1" name="Shopping.Amazon" time="5.187" errors="0" timestamp="2024-05-20T11:17:36 IST" skipped="0">
  <testcase classname="Shopping.Amazon" name="amazon" time="5.187"/>
</testsuite> <!-- Shopping.Amazon -->
