<?xml version="1.0" encoding="UTF-8"?>
<!-- Generated by org.testng.reporters.JUnitReportReporter -->
<testsuite hostname="LAPTOP-0CO60L6I" failures="0" tests="1" name="DwsUtility20.DwsUtility" time="11.964" errors="0" timestamp="2024-05-25T11:31:34 IST" skipped="0">
  <testcase classname="DwsUtility20.DwsUtility" name="Main" time="11.964"/>
</testsuite> <!-- DwsUtility20.DwsUtility -->
