<?xml version="1.0" encoding="UTF-8"?>
<!-- Generated by org.testng.reporters.JUnitReportReporter -->
<testsuite hostname="LAPTOP-0CO60L6I" failures="0" tests="1" name="shoes.nike" time="7.814" errors="0" timestamp="2024-05-20T11:17:36 IST" skipped="0">
  <testcase classname="shoes.nike" name="Nike" time="7.814"/>
</testsuite> <!-- shoes.nike -->
