<?xml version="1.0" encoding="UTF-8"?>
<!-- Generated by org.testng.reporters.JUnitReportReporter -->
<testsuite hostname="LAPTOP-0CO60L6I" failures="0" tests="1" name="Projects.ShoppersTaskUtility" time="70.833" errors="0" timestamp="2024-05-20T12:55:47 IST" skipped="0">
  <testcase classname="Projects.ShoppersTaskUtility" name="main" time="70.833"/>
</testsuite> <!-- Projects.ShoppersTaskUtility -->
