<?xml version="1.0" encoding="UTF-8"?>
<!-- Generated by org.testng.reporters.JUnitReportReporter -->
<testsuite hostname="LAPTOP-0CO60L6I" failures="0" tests="2" name="Basic.ChronologicalOrder2" time="0.007" errors="0" timestamp="2024-05-10T16:22:21 IST" skipped="0">
  <testcase classname="Basic.ChronologicalOrder2" name="Test2" time="0.002"/>
  <testcase classname="Basic.ChronologicalOrder2" name="Test1" time="0.005"/>
</testsuite> <!-- Basic.ChronologicalOrder2 -->
