<?xml version="1.0" encoding="UTF-8"?>
<!-- Generated by org.testng.reporters.JUnitReportReporter -->
<testsuite hostname="LAPTOP-0CO60L6I" failures="0" tests="1" name="Basic.ChronologicalOrder" time="0.004" errors="0" timestamp="2024-05-10T16:07:41 IST" skipped="0">
  <testcase classname="Basic.ChronologicalOrder" name="Test" time="0.004"/>
</testsuite> <!-- Basic.ChronologicalOrder -->
