<?xml version="1.0" encoding="UTF-8"?>
<!-- Generated by org.testng.reporters.JUnitReportReporter -->
<testsuite hostname="LAPTOP-0CO60L6I" failures="0" tests="1" name="DWS2.DWSFillDataUtility" time="10.870" errors="0" timestamp="2024-05-24T10:53:20 IST" skipped="0">
  <testcase classname="DWS2.DWSFillDataUtility" name="fillData" time="10.870"/>
</testsuite> <!-- DWS2.DWSFillDataUtility -->
