<?xml version="1.0" encoding="UTF-8"?>
<!-- Generated by org.testng.reporters.JUnitReportReporter -->
<testsuite hostname="LAPTOP-0CO60L6I" failures="0" tests="5" name="HelperMethods.PriorityTestCase" time="310.273" errors="0" timestamp="2024-05-16T12:32:15 IST" skipped="1">
  <testcase classname="HelperMethods.PriorityTestCase" name="mumbai" time="8.653"/>
  <testcase classname="HelperMethods.PriorityTestCase" name="Rcb" time="12.586"/>
  <testcase classname="HelperMethods.PriorityTestCase" name="csk" time="177.387"/>
  <testcase classname="HelperMethods.PriorityTestCase" name="csk" time="111.647"/>
  <testcase classname="HelperMethods.PriorityTestCase" name="demo">
    <skipped/>
  </testcase> <!-- demo -->
</testsuite> <!-- HelperMethods.PriorityTestCase -->
