<?xml version="1.0" encoding="UTF-8"?>
<!-- Generated by org.testng.reporters.JUnitReportReporter -->
<testsuite hostname="LAPTOP-0CO60L6I" failures="0" tests="1" name="DataDrivenTesting.ReadDataFromExcel" time="0.401" errors="0" timestamp="2024-05-17T00:01:42 IST" skipped="0">
  <testcase classname="DataDrivenTesting.ReadDataFromExcel" name="readData" time="0.401"/>
</testsuite> <!-- DataDrivenTesting.ReadDataFromExcel -->
