<?xml version="1.0" encoding="UTF-8"?>
<!-- Generated by org.testng.reporters.JUnitReportReporter -->
<testsuite hostname="LAPTOP-0CO60L6I" failures="0" tests="2" name="HelperMethods.DataProviderBasic" time="24.699" errors="0" timestamp="2024-05-17T11:39:59 IST" skipped="0">
  <testcase classname="HelperMethods.DataProviderBasic" name="reciever" time="9.044"/>
  <testcase classname="HelperMethods.DataProviderBasic" name="reciever" time="15.655"/>
</testsuite> <!-- HelperMethods.DataProviderBasic -->
