<?xml version="1.0" encoding="UTF-8"?>
<!-- Generated by org.testng.reporters.JUnitReportReporter -->
<testsuite hostname="LAPTOP-0CO60L6I" failures="0" tests="2" name="HelperMethods.DataProviderLogin" time="31.311" errors="0" timestamp="2024-05-17T12:38:30 IST" skipped="0">
  <testcase classname="HelperMethods.DataProviderLogin" name="reciever" time="15.315"/>
  <testcase classname="HelperMethods.DataProviderLogin" name="reciever" time="15.996"/>
</testsuite> <!-- HelperMethods.DataProviderLogin -->
