<?xml version="1.0" encoding="UTF-8"?>
<!-- Generated by org.testng.reporters.JUnitReportReporter -->
<testsuite hostname="LAPTOP-0CO60L6I" failures="0" tests="1" name="Parameters.crossBrowserTesting" time="13.170" errors="0" timestamp="2024-05-20T12:00:08 IST" skipped="0">
  <testcase classname="Parameters.crossBrowserTesting" name="crossBrowser" time="13.170"/>
</testsuite> <!-- Parameters.crossBrowserTesting -->
