<?xml version="1.0" encoding="UTF-8"?>
<!-- Generated by org.testng.reporters.JUnitReportReporter -->
<testsuite hostname="LAPTOP-0CO60L6I" failures="0" tests="1" name="DataDrivenTesting.PrimeData" time="0.500" errors="0" timestamp="2024-05-17T13:56:54 IST" skipped="0">
  <testcase classname="DataDrivenTesting.PrimeData" name="PrimeData" time="0.500"/>
</testsuite> <!-- DataDrivenTesting.PrimeData -->
