<?xml version="1.0" encoding="UTF-8"?>
<!-- Generated by org.testng.reporters.JUnitReportReporter -->
<testsuite hostname="LAPTOP-0CO60L6I" failures="0" tests="2" name="Projects.DWSLogin" time="11.942" errors="0" timestamp="2024-05-18T01:53:43 IST" skipped="0">
  <testcase classname="Projects.DWSLogin" name="DWS_Login" time="10.662"/>
  <testcase classname="Projects.DWSLogin" name="DWS_Login" time="1.280"/>
</testsuite> <!-- Projects.DWSLogin -->
