<?xml version="1.0" encoding="UTF-8"?>
<!-- Generated by org.testng.reporters.JUnitReportReporter -->
<testsuite hostname="LAPTOP-0CO60L6I" failures="0" tests="1" name="DataDrivenTesting.ReadDataFromPropertyFile" time="13.009" errors="0" timestamp="2024-05-17T14:22:08 IST" skipped="0">
  <testcase classname="DataDrivenTesting.ReadDataFromPropertyFile" name="readData" time="13.009"/>
</testsuite> <!-- DataDrivenTesting.ReadDataFromPropertyFile -->
