<?xml version="1.0" encoding="UTF-8"?>
<!-- Generated by org.testng.reporters.JUnitReportReporter -->
<testsuite hostname="LAPTOP-0CO60L6I" failures="0" tests="1" name="Projects.ShoppersLogin" time="13.398" errors="0" timestamp="2024-05-18T01:05:17 IST" skipped="0">
  <testcase classname="Projects.ShoppersLogin" name="login" time="13.398"/>
</testsuite> <!-- Projects.ShoppersLogin -->
