<?xml version="1.0" encoding="UTF-8"?>
<!-- Generated by org.testng.reporters.JUnitReportReporter -->
<testsuite hostname="LAPTOP-0CO60L6I" failures="0" tests="1" name="TestNgBasic.AddProduct" time="6.605" errors="0" timestamp="2024-05-11T12:47:40 IST" skipped="0">
  <testcase classname="TestNgBasic.AddProduct" name="Test" time="6.605"/>
</testsuite> <!-- TestNgBasic.AddProduct -->
