<?xml version="1.0" encoding="UTF-8"?>
<!-- Generated by org.testng.reporters.JUnitReportReporter -->
<testsuite hostname="LAPTOP-0CO60L6I" failures="0" tests="1" name="TestNgBasic.DWS" time="5.588" errors="0" timestamp="2024-05-20T11:28:27 IST" skipped="0">
  <testcase classname="TestNgBasic.DWS" name="dws" time="5.588"/>
</testsuite> <!-- TestNgBasic.DWS -->
